Simulator report for johns
Thu Oct 24 13:08:48 2024
Quartus II 32-bit Version 13.0.1 Build 232 06/12/2013 Service Pack 1 SJ Full Version


---------------------
; Table of Contents ;
---------------------
  1. Legal Notice
  2. Simulator Summary
  3. Simulator Settings
  4. Simulation Waveforms
  5. Coverage Summary
  6. Complete 1/0-Value Coverage
  7. Missing 1-Value Coverage
  8. Missing 0-Value Coverage
  9. Simulator INI Usage
 10. Simulator Messages



----------------
; Legal Notice ;
----------------
Copyright (C) 1991-2013 Altera Corporation
Your use of Altera Corporation's design tools, logic functions 
and other software and tools, and its AMPP partner logic 
functions, and any output files from any of the foregoing 
(including device programming or simulation files), and any 
associated documentation or information are expressly subject 
to the terms and conditions of the Altera Program License 
Subscription Agreement, Altera MegaCore Function License 
Agreement, or other applicable license agreement, including, 
without limitation, that your use is for the sole purpose of 
programming logic devices manufactured by Altera and sold by 
Altera or its authorized distributors.  Please refer to the 
applicable agreement for further details.



+--------------------------------------------+
; Simulator Summary                          ;
+-----------------------------+--------------+
; Type                        ; Value        ;
+-----------------------------+--------------+
; Simulation Start Time       ; 0 ps         ;
; Simulation End Time         ; 1.0 us       ;
; Simulation Netlist Size     ; 171 nodes    ;
; Simulation Coverage         ;       0.00 % ;
; Total Number of Transitions ; 0            ;
; Simulation Breakpoints      ; 0            ;
; Family                      ; Cyclone II   ;
+-----------------------------+--------------+


+------------------------------------------------------------------------------------------------------------------------------------------------------------------+
; Simulator Settings                                                                                                                                               ;
+--------------------------------------------------------------------------------------------+-----------------------------------------------------+---------------+
; Option                                                                                     ; Setting                                             ; Default Value ;
+--------------------------------------------------------------------------------------------+-----------------------------------------------------+---------------+
; Simulation mode                                                                            ; Functional                                          ; Timing        ;
; Start time                                                                                 ; 0 ns                                                ; 0 ns          ;
; Simulation results format                                                                  ; VWF                                                 ;               ;
; Vector input source                                                                        ; /home/student1/wmazarik/Downloads/L4.1/Waveform.vwf ;               ;
; Add pins automatically to simulation output waveforms                                      ; On                                                  ; On            ;
; Check outputs                                                                              ; Off                                                 ; Off           ;
; Report simulation coverage                                                                 ; On                                                  ; On            ;
; Display complete 1/0 value coverage report                                                 ; On                                                  ; On            ;
; Display missing 1-value coverage report                                                    ; On                                                  ; On            ;
; Display missing 0-value coverage report                                                    ; On                                                  ; On            ;
; Detect setup and hold time violations                                                      ; Off                                                 ; Off           ;
; Detect glitches                                                                            ; Off                                                 ; Off           ;
; Disable timing delays in Timing Simulation                                                 ; Off                                                 ; Off           ;
; Generate Signal Activity File                                                              ; Off                                                 ; Off           ;
; Generate VCD File for PowerPlay Power Analyzer                                             ; Off                                                 ; Off           ;
; Group bus channels in simulation results                                                   ; Off                                                 ; Off           ;
; Preserve fewer signal transitions to reduce memory requirements                            ; On                                                  ; On            ;
; Trigger vector comparison with the specified mode                                          ; INPUT_EDGE                                          ; INPUT_EDGE    ;
; Disable setup and hold time violations detection in input registers of bi-directional pins ; Off                                                 ; Off           ;
; Overwrite Waveform Inputs With Simulation Outputs                                          ; Off                                                 ;               ;
; Perform Glitch Filtering in Timing Simulation                                              ; Auto                                                ; Auto          ;
+--------------------------------------------------------------------------------------------+-----------------------------------------------------+---------------+


+----------------------+
; Simulation Waveforms ;
+----------------------+
Waveform report data cannot be output to ASCII.
Please use Quartus II 32-bit to view the waveform report data.


+--------------------------------------------------------------------+
; Coverage Summary                                                   ;
+-----------------------------------------------------+--------------+
; Type                                                ; Value        ;
+-----------------------------------------------------+--------------+
; Total coverage as a percentage                      ;       0.00 % ;
; Total nodes checked                                 ; 171          ;
; Total output ports checked                          ; 171          ;
; Total output ports with complete 1/0-value coverage ; 0            ;
; Total output ports with no 1/0-value coverage       ; 171          ;
; Total output ports with no 1-value coverage         ; 171          ;
; Total output ports with no 0-value coverage         ; 171          ;
+-----------------------------------------------------+--------------+


The following table displays output ports that toggle between 1 and 0 during simulation.
+-------------------------------------------------+
; Complete 1/0-Value Coverage                     ;
+-----------+------------------+------------------+
; Node Name ; Output Port Name ; Output Port Type ;
+-----------+------------------+------------------+


The following table displays output ports that do not toggle to 1 during simulation.
+----------------------------------------------------------------------------------------------------------------------------------------------+
; Missing 1-Value Coverage                                                                                                                     ;
+-------------------------------------------------------------+-------------------------------------------------------------+------------------+
; Node Name                                                   ; Output Port Name                                            ; Output Port Type ;
+-------------------------------------------------------------+-------------------------------------------------------------+------------------+
; |johns|Qreg[0]                                              ; |johns|Qreg[0]                                              ; regout           ;
; |johns|Qreg[1]                                              ; |johns|Qreg[1]                                              ; regout           ;
; |johns|Qreg[2]                                              ; |johns|Qreg[2]                                              ; regout           ;
; |johns|Clrn                                                 ; |johns|Clrn                                                 ; out              ;
; |johns|Clk                                                  ; |johns|Clk                                                  ; out              ;
; |johns|W[0]                                                 ; |johns|W[0]                                                 ; pin_out          ;
; |johns|W[1]                                                 ; |johns|W[1]                                                 ; pin_out          ;
; |johns|W[2]                                                 ; |johns|W[2]                                                 ; pin_out          ;
; |johns|W[3]                                                 ; |johns|W[3]                                                 ; pin_out          ;
; |johns|Q[2]                                                 ; |johns|Q[2]                                                 ; pin_out          ;
; |johns|Q[1]                                                 ; |johns|Q[1]                                                 ; pin_out          ;
; |johns|Q[0]                                                 ; |johns|Q[0]                                                 ; pin_out          ;
; |johns|lpm_mux:Mux3|mux_3nc:auto_generated|_~0              ; |johns|lpm_mux:Mux3|mux_3nc:auto_generated|_~0              ; out0             ;
; |johns|lpm_mux:Mux3|mux_3nc:auto_generated|_~1              ; |johns|lpm_mux:Mux3|mux_3nc:auto_generated|_~1              ; out0             ;
; |johns|lpm_mux:Mux3|mux_3nc:auto_generated|_~2              ; |johns|lpm_mux:Mux3|mux_3nc:auto_generated|_~2              ; out0             ;
; |johns|lpm_mux:Mux3|mux_3nc:auto_generated|_~3              ; |johns|lpm_mux:Mux3|mux_3nc:auto_generated|_~3              ; out0             ;
; |johns|lpm_mux:Mux3|mux_3nc:auto_generated|_~4              ; |johns|lpm_mux:Mux3|mux_3nc:auto_generated|_~4              ; out0             ;
; |johns|lpm_mux:Mux3|mux_3nc:auto_generated|_~5              ; |johns|lpm_mux:Mux3|mux_3nc:auto_generated|_~5              ; out0             ;
; |johns|lpm_mux:Mux3|mux_3nc:auto_generated|_~6              ; |johns|lpm_mux:Mux3|mux_3nc:auto_generated|_~6              ; out0             ;
; |johns|lpm_mux:Mux3|mux_3nc:auto_generated|_~7              ; |johns|lpm_mux:Mux3|mux_3nc:auto_generated|_~7              ; out0             ;
; |johns|lpm_mux:Mux3|mux_3nc:auto_generated|_~8              ; |johns|lpm_mux:Mux3|mux_3nc:auto_generated|_~8              ; out0             ;
; |johns|lpm_mux:Mux3|mux_3nc:auto_generated|_~9              ; |johns|lpm_mux:Mux3|mux_3nc:auto_generated|_~9              ; out0             ;
; |johns|lpm_mux:Mux3|mux_3nc:auto_generated|_~10             ; |johns|lpm_mux:Mux3|mux_3nc:auto_generated|_~10             ; out0             ;
; |johns|lpm_mux:Mux3|mux_3nc:auto_generated|_~11             ; |johns|lpm_mux:Mux3|mux_3nc:auto_generated|_~11             ; out0             ;
; |johns|lpm_mux:Mux3|mux_3nc:auto_generated|_~12             ; |johns|lpm_mux:Mux3|mux_3nc:auto_generated|_~12             ; out0             ;
; |johns|lpm_mux:Mux3|mux_3nc:auto_generated|_~13             ; |johns|lpm_mux:Mux3|mux_3nc:auto_generated|_~13             ; out0             ;
; |johns|lpm_mux:Mux3|mux_3nc:auto_generated|_~14             ; |johns|lpm_mux:Mux3|mux_3nc:auto_generated|_~14             ; out0             ;
; |johns|lpm_mux:Mux3|mux_3nc:auto_generated|_~15             ; |johns|lpm_mux:Mux3|mux_3nc:auto_generated|_~15             ; out0             ;
; |johns|lpm_mux:Mux3|mux_3nc:auto_generated|_~16             ; |johns|lpm_mux:Mux3|mux_3nc:auto_generated|_~16             ; out0             ;
; |johns|lpm_mux:Mux3|mux_3nc:auto_generated|_~17             ; |johns|lpm_mux:Mux3|mux_3nc:auto_generated|_~17             ; out0             ;
; |johns|lpm_mux:Mux3|mux_3nc:auto_generated|_~18             ; |johns|lpm_mux:Mux3|mux_3nc:auto_generated|_~18             ; out0             ;
; |johns|lpm_mux:Mux3|mux_3nc:auto_generated|_~19             ; |johns|lpm_mux:Mux3|mux_3nc:auto_generated|_~19             ; out0             ;
; |johns|lpm_mux:Mux3|mux_3nc:auto_generated|_~20             ; |johns|lpm_mux:Mux3|mux_3nc:auto_generated|_~20             ; out0             ;
; |johns|lpm_mux:Mux3|mux_3nc:auto_generated|result_node[0]~0 ; |johns|lpm_mux:Mux3|mux_3nc:auto_generated|result_node[0]~0 ; out0             ;
; |johns|lpm_mux:Mux3|mux_3nc:auto_generated|_~21             ; |johns|lpm_mux:Mux3|mux_3nc:auto_generated|_~21             ; out0             ;
; |johns|lpm_mux:Mux3|mux_3nc:auto_generated|_~22             ; |johns|lpm_mux:Mux3|mux_3nc:auto_generated|_~22             ; out0             ;
; |johns|lpm_mux:Mux3|mux_3nc:auto_generated|_~23             ; |johns|lpm_mux:Mux3|mux_3nc:auto_generated|_~23             ; out0             ;
; |johns|lpm_mux:Mux3|mux_3nc:auto_generated|_~24             ; |johns|lpm_mux:Mux3|mux_3nc:auto_generated|_~24             ; out0             ;
; |johns|lpm_mux:Mux3|mux_3nc:auto_generated|_~25             ; |johns|lpm_mux:Mux3|mux_3nc:auto_generated|_~25             ; out0             ;
; |johns|lpm_mux:Mux3|mux_3nc:auto_generated|_~26             ; |johns|lpm_mux:Mux3|mux_3nc:auto_generated|_~26             ; out0             ;
; |johns|lpm_mux:Mux3|mux_3nc:auto_generated|_~27             ; |johns|lpm_mux:Mux3|mux_3nc:auto_generated|_~27             ; out0             ;
; |johns|lpm_mux:Mux3|mux_3nc:auto_generated|_~28             ; |johns|lpm_mux:Mux3|mux_3nc:auto_generated|_~28             ; out0             ;
; |johns|lpm_mux:Mux3|mux_3nc:auto_generated|_~29             ; |johns|lpm_mux:Mux3|mux_3nc:auto_generated|_~29             ; out0             ;
; |johns|lpm_mux:Mux3|mux_3nc:auto_generated|_~30             ; |johns|lpm_mux:Mux3|mux_3nc:auto_generated|_~30             ; out0             ;
; |johns|lpm_mux:Mux3|mux_3nc:auto_generated|_~31             ; |johns|lpm_mux:Mux3|mux_3nc:auto_generated|_~31             ; out0             ;
; |johns|lpm_mux:Mux3|mux_3nc:auto_generated|_~32             ; |johns|lpm_mux:Mux3|mux_3nc:auto_generated|_~32             ; out0             ;
; |johns|lpm_mux:Mux3|mux_3nc:auto_generated|_~33             ; |johns|lpm_mux:Mux3|mux_3nc:auto_generated|_~33             ; out0             ;
; |johns|lpm_mux:Mux3|mux_3nc:auto_generated|_~34             ; |johns|lpm_mux:Mux3|mux_3nc:auto_generated|_~34             ; out0             ;
; |johns|lpm_mux:Mux3|mux_3nc:auto_generated|_~35             ; |johns|lpm_mux:Mux3|mux_3nc:auto_generated|_~35             ; out0             ;
; |johns|lpm_mux:Mux3|mux_3nc:auto_generated|_~36             ; |johns|lpm_mux:Mux3|mux_3nc:auto_generated|_~36             ; out0             ;
; |johns|lpm_mux:Mux3|mux_3nc:auto_generated|_~37             ; |johns|lpm_mux:Mux3|mux_3nc:auto_generated|_~37             ; out0             ;
; |johns|lpm_mux:Mux3|mux_3nc:auto_generated|_~38             ; |johns|lpm_mux:Mux3|mux_3nc:auto_generated|_~38             ; out0             ;
; |johns|lpm_mux:Mux3|mux_3nc:auto_generated|_~39             ; |johns|lpm_mux:Mux3|mux_3nc:auto_generated|_~39             ; out0             ;
; |johns|lpm_mux:Mux3|mux_3nc:auto_generated|_~40             ; |johns|lpm_mux:Mux3|mux_3nc:auto_generated|_~40             ; out0             ;
; |johns|lpm_mux:Mux3|mux_3nc:auto_generated|_~41             ; |johns|lpm_mux:Mux3|mux_3nc:auto_generated|_~41             ; out0             ;
; |johns|lpm_mux:Mux3|mux_3nc:auto_generated|_~42             ; |johns|lpm_mux:Mux3|mux_3nc:auto_generated|_~42             ; out0             ;
; |johns|lpm_mux:Mux3|mux_3nc:auto_generated|result_node[0]~1 ; |johns|lpm_mux:Mux3|mux_3nc:auto_generated|result_node[0]~1 ; out0             ;
; |johns|lpm_mux:Mux3|mux_3nc:auto_generated|result_node[0]   ; |johns|lpm_mux:Mux3|mux_3nc:auto_generated|result_node[0]   ; out0             ;
; |johns|lpm_mux:Mux2|mux_3nc:auto_generated|_~0              ; |johns|lpm_mux:Mux2|mux_3nc:auto_generated|_~0              ; out0             ;
; |johns|lpm_mux:Mux2|mux_3nc:auto_generated|_~1              ; |johns|lpm_mux:Mux2|mux_3nc:auto_generated|_~1              ; out0             ;
; |johns|lpm_mux:Mux2|mux_3nc:auto_generated|_~2              ; |johns|lpm_mux:Mux2|mux_3nc:auto_generated|_~2              ; out0             ;
; |johns|lpm_mux:Mux2|mux_3nc:auto_generated|_~3              ; |johns|lpm_mux:Mux2|mux_3nc:auto_generated|_~3              ; out0             ;
; |johns|lpm_mux:Mux2|mux_3nc:auto_generated|_~4              ; |johns|lpm_mux:Mux2|mux_3nc:auto_generated|_~4              ; out0             ;
; |johns|lpm_mux:Mux2|mux_3nc:auto_generated|_~5              ; |johns|lpm_mux:Mux2|mux_3nc:auto_generated|_~5              ; out0             ;
; |johns|lpm_mux:Mux2|mux_3nc:auto_generated|_~6              ; |johns|lpm_mux:Mux2|mux_3nc:auto_generated|_~6              ; out0             ;
; |johns|lpm_mux:Mux2|mux_3nc:auto_generated|_~7              ; |johns|lpm_mux:Mux2|mux_3nc:auto_generated|_~7              ; out0             ;
; |johns|lpm_mux:Mux2|mux_3nc:auto_generated|_~8              ; |johns|lpm_mux:Mux2|mux_3nc:auto_generated|_~8              ; out0             ;
; |johns|lpm_mux:Mux2|mux_3nc:auto_generated|_~9              ; |johns|lpm_mux:Mux2|mux_3nc:auto_generated|_~9              ; out0             ;
; |johns|lpm_mux:Mux2|mux_3nc:auto_generated|_~10             ; |johns|lpm_mux:Mux2|mux_3nc:auto_generated|_~10             ; out0             ;
; |johns|lpm_mux:Mux2|mux_3nc:auto_generated|_~11             ; |johns|lpm_mux:Mux2|mux_3nc:auto_generated|_~11             ; out0             ;
; |johns|lpm_mux:Mux2|mux_3nc:auto_generated|_~12             ; |johns|lpm_mux:Mux2|mux_3nc:auto_generated|_~12             ; out0             ;
; |johns|lpm_mux:Mux2|mux_3nc:auto_generated|_~13             ; |johns|lpm_mux:Mux2|mux_3nc:auto_generated|_~13             ; out0             ;
; |johns|lpm_mux:Mux2|mux_3nc:auto_generated|_~14             ; |johns|lpm_mux:Mux2|mux_3nc:auto_generated|_~14             ; out0             ;
; |johns|lpm_mux:Mux2|mux_3nc:auto_generated|_~15             ; |johns|lpm_mux:Mux2|mux_3nc:auto_generated|_~15             ; out0             ;
; |johns|lpm_mux:Mux2|mux_3nc:auto_generated|_~16             ; |johns|lpm_mux:Mux2|mux_3nc:auto_generated|_~16             ; out0             ;
; |johns|lpm_mux:Mux2|mux_3nc:auto_generated|_~17             ; |johns|lpm_mux:Mux2|mux_3nc:auto_generated|_~17             ; out0             ;
; |johns|lpm_mux:Mux2|mux_3nc:auto_generated|_~18             ; |johns|lpm_mux:Mux2|mux_3nc:auto_generated|_~18             ; out0             ;
; |johns|lpm_mux:Mux2|mux_3nc:auto_generated|_~19             ; |johns|lpm_mux:Mux2|mux_3nc:auto_generated|_~19             ; out0             ;
; |johns|lpm_mux:Mux2|mux_3nc:auto_generated|_~20             ; |johns|lpm_mux:Mux2|mux_3nc:auto_generated|_~20             ; out0             ;
; |johns|lpm_mux:Mux2|mux_3nc:auto_generated|result_node[0]~0 ; |johns|lpm_mux:Mux2|mux_3nc:auto_generated|result_node[0]~0 ; out0             ;
; |johns|lpm_mux:Mux2|mux_3nc:auto_generated|_~21             ; |johns|lpm_mux:Mux2|mux_3nc:auto_generated|_~21             ; out0             ;
; |johns|lpm_mux:Mux2|mux_3nc:auto_generated|_~22             ; |johns|lpm_mux:Mux2|mux_3nc:auto_generated|_~22             ; out0             ;
; |johns|lpm_mux:Mux2|mux_3nc:auto_generated|_~23             ; |johns|lpm_mux:Mux2|mux_3nc:auto_generated|_~23             ; out0             ;
; |johns|lpm_mux:Mux2|mux_3nc:auto_generated|_~24             ; |johns|lpm_mux:Mux2|mux_3nc:auto_generated|_~24             ; out0             ;
; |johns|lpm_mux:Mux2|mux_3nc:auto_generated|_~25             ; |johns|lpm_mux:Mux2|mux_3nc:auto_generated|_~25             ; out0             ;
; |johns|lpm_mux:Mux2|mux_3nc:auto_generated|_~26             ; |johns|lpm_mux:Mux2|mux_3nc:auto_generated|_~26             ; out0             ;
; |johns|lpm_mux:Mux2|mux_3nc:auto_generated|_~27             ; |johns|lpm_mux:Mux2|mux_3nc:auto_generated|_~27             ; out0             ;
; |johns|lpm_mux:Mux2|mux_3nc:auto_generated|_~28             ; |johns|lpm_mux:Mux2|mux_3nc:auto_generated|_~28             ; out0             ;
; |johns|lpm_mux:Mux2|mux_3nc:auto_generated|_~29             ; |johns|lpm_mux:Mux2|mux_3nc:auto_generated|_~29             ; out0             ;
; |johns|lpm_mux:Mux2|mux_3nc:auto_generated|_~30             ; |johns|lpm_mux:Mux2|mux_3nc:auto_generated|_~30             ; out0             ;
; |johns|lpm_mux:Mux2|mux_3nc:auto_generated|_~31             ; |johns|lpm_mux:Mux2|mux_3nc:auto_generated|_~31             ; out0             ;
; |johns|lpm_mux:Mux2|mux_3nc:auto_generated|_~32             ; |johns|lpm_mux:Mux2|mux_3nc:auto_generated|_~32             ; out0             ;
; |johns|lpm_mux:Mux2|mux_3nc:auto_generated|_~33             ; |johns|lpm_mux:Mux2|mux_3nc:auto_generated|_~33             ; out0             ;
; |johns|lpm_mux:Mux2|mux_3nc:auto_generated|_~34             ; |johns|lpm_mux:Mux2|mux_3nc:auto_generated|_~34             ; out0             ;
; |johns|lpm_mux:Mux2|mux_3nc:auto_generated|_~35             ; |johns|lpm_mux:Mux2|mux_3nc:auto_generated|_~35             ; out0             ;
; |johns|lpm_mux:Mux2|mux_3nc:auto_generated|_~36             ; |johns|lpm_mux:Mux2|mux_3nc:auto_generated|_~36             ; out0             ;
; |johns|lpm_mux:Mux2|mux_3nc:auto_generated|_~37             ; |johns|lpm_mux:Mux2|mux_3nc:auto_generated|_~37             ; out0             ;
; |johns|lpm_mux:Mux2|mux_3nc:auto_generated|_~38             ; |johns|lpm_mux:Mux2|mux_3nc:auto_generated|_~38             ; out0             ;
; |johns|lpm_mux:Mux2|mux_3nc:auto_generated|_~39             ; |johns|lpm_mux:Mux2|mux_3nc:auto_generated|_~39             ; out0             ;
; |johns|lpm_mux:Mux2|mux_3nc:auto_generated|_~40             ; |johns|lpm_mux:Mux2|mux_3nc:auto_generated|_~40             ; out0             ;
; |johns|lpm_mux:Mux2|mux_3nc:auto_generated|_~41             ; |johns|lpm_mux:Mux2|mux_3nc:auto_generated|_~41             ; out0             ;
; |johns|lpm_mux:Mux2|mux_3nc:auto_generated|_~42             ; |johns|lpm_mux:Mux2|mux_3nc:auto_generated|_~42             ; out0             ;
; |johns|lpm_mux:Mux2|mux_3nc:auto_generated|result_node[0]~1 ; |johns|lpm_mux:Mux2|mux_3nc:auto_generated|result_node[0]~1 ; out0             ;
; |johns|lpm_mux:Mux2|mux_3nc:auto_generated|result_node[0]   ; |johns|lpm_mux:Mux2|mux_3nc:auto_generated|result_node[0]   ; out0             ;
; |johns|lpm_mux:Mux1|mux_3nc:auto_generated|_~0              ; |johns|lpm_mux:Mux1|mux_3nc:auto_generated|_~0              ; out0             ;
; |johns|lpm_mux:Mux1|mux_3nc:auto_generated|_~1              ; |johns|lpm_mux:Mux1|mux_3nc:auto_generated|_~1              ; out0             ;
; |johns|lpm_mux:Mux1|mux_3nc:auto_generated|_~2              ; |johns|lpm_mux:Mux1|mux_3nc:auto_generated|_~2              ; out0             ;
; |johns|lpm_mux:Mux1|mux_3nc:auto_generated|_~3              ; |johns|lpm_mux:Mux1|mux_3nc:auto_generated|_~3              ; out0             ;
; |johns|lpm_mux:Mux1|mux_3nc:auto_generated|_~4              ; |johns|lpm_mux:Mux1|mux_3nc:auto_generated|_~4              ; out0             ;
; |johns|lpm_mux:Mux1|mux_3nc:auto_generated|_~5              ; |johns|lpm_mux:Mux1|mux_3nc:auto_generated|_~5              ; out0             ;
; |johns|lpm_mux:Mux1|mux_3nc:auto_generated|_~6              ; |johns|lpm_mux:Mux1|mux_3nc:auto_generated|_~6              ; out0             ;
; |johns|lpm_mux:Mux1|mux_3nc:auto_generated|_~7              ; |johns|lpm_mux:Mux1|mux_3nc:auto_generated|_~7              ; out0             ;
; |johns|lpm_mux:Mux1|mux_3nc:auto_generated|_~8              ; |johns|lpm_mux:Mux1|mux_3nc:auto_generated|_~8              ; out0             ;
; |johns|lpm_mux:Mux1|mux_3nc:auto_generated|_~9              ; |johns|lpm_mux:Mux1|mux_3nc:auto_generated|_~9              ; out0             ;
; |johns|lpm_mux:Mux1|mux_3nc:auto_generated|_~10             ; |johns|lpm_mux:Mux1|mux_3nc:auto_generated|_~10             ; out0             ;
; |johns|lpm_mux:Mux1|mux_3nc:auto_generated|_~11             ; |johns|lpm_mux:Mux1|mux_3nc:auto_generated|_~11             ; out0             ;
; |johns|lpm_mux:Mux1|mux_3nc:auto_generated|_~12             ; |johns|lpm_mux:Mux1|mux_3nc:auto_generated|_~12             ; out0             ;
; |johns|lpm_mux:Mux1|mux_3nc:auto_generated|_~13             ; |johns|lpm_mux:Mux1|mux_3nc:auto_generated|_~13             ; out0             ;
; |johns|lpm_mux:Mux1|mux_3nc:auto_generated|_~14             ; |johns|lpm_mux:Mux1|mux_3nc:auto_generated|_~14             ; out0             ;
; |johns|lpm_mux:Mux1|mux_3nc:auto_generated|_~15             ; |johns|lpm_mux:Mux1|mux_3nc:auto_generated|_~15             ; out0             ;
; |johns|lpm_mux:Mux1|mux_3nc:auto_generated|_~16             ; |johns|lpm_mux:Mux1|mux_3nc:auto_generated|_~16             ; out0             ;
; |johns|lpm_mux:Mux1|mux_3nc:auto_generated|_~17             ; |johns|lpm_mux:Mux1|mux_3nc:auto_generated|_~17             ; out0             ;
; |johns|lpm_mux:Mux1|mux_3nc:auto_generated|_~18             ; |johns|lpm_mux:Mux1|mux_3nc:auto_generated|_~18             ; out0             ;
; |johns|lpm_mux:Mux1|mux_3nc:auto_generated|_~19             ; |johns|lpm_mux:Mux1|mux_3nc:auto_generated|_~19             ; out0             ;
; |johns|lpm_mux:Mux1|mux_3nc:auto_generated|_~20             ; |johns|lpm_mux:Mux1|mux_3nc:auto_generated|_~20             ; out0             ;
; |johns|lpm_mux:Mux1|mux_3nc:auto_generated|result_node[0]~0 ; |johns|lpm_mux:Mux1|mux_3nc:auto_generated|result_node[0]~0 ; out0             ;
; |johns|lpm_mux:Mux1|mux_3nc:auto_generated|_~21             ; |johns|lpm_mux:Mux1|mux_3nc:auto_generated|_~21             ; out0             ;
; |johns|lpm_mux:Mux1|mux_3nc:auto_generated|_~22             ; |johns|lpm_mux:Mux1|mux_3nc:auto_generated|_~22             ; out0             ;
; |johns|lpm_mux:Mux1|mux_3nc:auto_generated|_~23             ; |johns|lpm_mux:Mux1|mux_3nc:auto_generated|_~23             ; out0             ;
; |johns|lpm_mux:Mux1|mux_3nc:auto_generated|_~24             ; |johns|lpm_mux:Mux1|mux_3nc:auto_generated|_~24             ; out0             ;
; |johns|lpm_mux:Mux1|mux_3nc:auto_generated|_~25             ; |johns|lpm_mux:Mux1|mux_3nc:auto_generated|_~25             ; out0             ;
; |johns|lpm_mux:Mux1|mux_3nc:auto_generated|_~26             ; |johns|lpm_mux:Mux1|mux_3nc:auto_generated|_~26             ; out0             ;
; |johns|lpm_mux:Mux1|mux_3nc:auto_generated|_~27             ; |johns|lpm_mux:Mux1|mux_3nc:auto_generated|_~27             ; out0             ;
; |johns|lpm_mux:Mux1|mux_3nc:auto_generated|_~28             ; |johns|lpm_mux:Mux1|mux_3nc:auto_generated|_~28             ; out0             ;
; |johns|lpm_mux:Mux1|mux_3nc:auto_generated|_~29             ; |johns|lpm_mux:Mux1|mux_3nc:auto_generated|_~29             ; out0             ;
; |johns|lpm_mux:Mux1|mux_3nc:auto_generated|_~30             ; |johns|lpm_mux:Mux1|mux_3nc:auto_generated|_~30             ; out0             ;
; |johns|lpm_mux:Mux1|mux_3nc:auto_generated|_~31             ; |johns|lpm_mux:Mux1|mux_3nc:auto_generated|_~31             ; out0             ;
; |johns|lpm_mux:Mux1|mux_3nc:auto_generated|_~32             ; |johns|lpm_mux:Mux1|mux_3nc:auto_generated|_~32             ; out0             ;
; |johns|lpm_mux:Mux1|mux_3nc:auto_generated|_~33             ; |johns|lpm_mux:Mux1|mux_3nc:auto_generated|_~33             ; out0             ;
; |johns|lpm_mux:Mux1|mux_3nc:auto_generated|_~34             ; |johns|lpm_mux:Mux1|mux_3nc:auto_generated|_~34             ; out0             ;
; |johns|lpm_mux:Mux1|mux_3nc:auto_generated|_~35             ; |johns|lpm_mux:Mux1|mux_3nc:auto_generated|_~35             ; out0             ;
; |johns|lpm_mux:Mux1|mux_3nc:auto_generated|_~36             ; |johns|lpm_mux:Mux1|mux_3nc:auto_generated|_~36             ; out0             ;
; |johns|lpm_mux:Mux1|mux_3nc:auto_generated|_~37             ; |johns|lpm_mux:Mux1|mux_3nc:auto_generated|_~37             ; out0             ;
; |johns|lpm_mux:Mux1|mux_3nc:auto_generated|_~38             ; |johns|lpm_mux:Mux1|mux_3nc:auto_generated|_~38             ; out0             ;
; |johns|lpm_mux:Mux1|mux_3nc:auto_generated|_~39             ; |johns|lpm_mux:Mux1|mux_3nc:auto_generated|_~39             ; out0             ;
; |johns|lpm_mux:Mux1|mux_3nc:auto_generated|_~40             ; |johns|lpm_mux:Mux1|mux_3nc:auto_generated|_~40             ; out0             ;
; |johns|lpm_mux:Mux1|mux_3nc:auto_generated|_~41             ; |johns|lpm_mux:Mux1|mux_3nc:auto_generated|_~41             ; out0             ;
; |johns|lpm_mux:Mux1|mux_3nc:auto_generated|_~42             ; |johns|lpm_mux:Mux1|mux_3nc:auto_generated|_~42             ; out0             ;
; |johns|lpm_mux:Mux1|mux_3nc:auto_generated|result_node[0]~1 ; |johns|lpm_mux:Mux1|mux_3nc:auto_generated|result_node[0]~1 ; out0             ;
; |johns|lpm_mux:Mux1|mux_3nc:auto_generated|result_node[0]   ; |johns|lpm_mux:Mux1|mux_3nc:auto_generated|result_node[0]   ; out0             ;
; |johns|lpm_mux:Mux0|mux_umc:auto_generated|_~0              ; |johns|lpm_mux:Mux0|mux_umc:auto_generated|_~0              ; out0             ;
; |johns|lpm_mux:Mux0|mux_umc:auto_generated|_~1              ; |johns|lpm_mux:Mux0|mux_umc:auto_generated|_~1              ; out0             ;
; |johns|lpm_mux:Mux0|mux_umc:auto_generated|_~2              ; |johns|lpm_mux:Mux0|mux_umc:auto_generated|_~2              ; out0             ;
; |johns|lpm_mux:Mux0|mux_umc:auto_generated|_~3              ; |johns|lpm_mux:Mux0|mux_umc:auto_generated|_~3              ; out0             ;
; |johns|lpm_mux:Mux0|mux_umc:auto_generated|_~4              ; |johns|lpm_mux:Mux0|mux_umc:auto_generated|_~4              ; out0             ;
; |johns|lpm_mux:Mux0|mux_umc:auto_generated|_~5              ; |johns|lpm_mux:Mux0|mux_umc:auto_generated|_~5              ; out0             ;
; |johns|lpm_mux:Mux0|mux_umc:auto_generated|_~6              ; |johns|lpm_mux:Mux0|mux_umc:auto_generated|_~6              ; out0             ;
; |johns|lpm_mux:Mux0|mux_umc:auto_generated|_~7              ; |johns|lpm_mux:Mux0|mux_umc:auto_generated|_~7              ; out0             ;
; |johns|lpm_mux:Mux0|mux_umc:auto_generated|_~8              ; |johns|lpm_mux:Mux0|mux_umc:auto_generated|_~8              ; out0             ;
; |johns|lpm_mux:Mux0|mux_umc:auto_generated|result_node[0]~0 ; |johns|lpm_mux:Mux0|mux_umc:auto_generated|result_node[0]~0 ; out0             ;
; |johns|lpm_mux:Mux0|mux_umc:auto_generated|_~9              ; |johns|lpm_mux:Mux0|mux_umc:auto_generated|_~9              ; out0             ;
; |johns|lpm_mux:Mux0|mux_umc:auto_generated|_~10             ; |johns|lpm_mux:Mux0|mux_umc:auto_generated|_~10             ; out0             ;
; |johns|lpm_mux:Mux0|mux_umc:auto_generated|_~11             ; |johns|lpm_mux:Mux0|mux_umc:auto_generated|_~11             ; out0             ;
; |johns|lpm_mux:Mux0|mux_umc:auto_generated|_~12             ; |johns|lpm_mux:Mux0|mux_umc:auto_generated|_~12             ; out0             ;
; |johns|lpm_mux:Mux0|mux_umc:auto_generated|_~13             ; |johns|lpm_mux:Mux0|mux_umc:auto_generated|_~13             ; out0             ;
; |johns|lpm_mux:Mux0|mux_umc:auto_generated|_~14             ; |johns|lpm_mux:Mux0|mux_umc:auto_generated|_~14             ; out0             ;
; |johns|lpm_mux:Mux0|mux_umc:auto_generated|_~15             ; |johns|lpm_mux:Mux0|mux_umc:auto_generated|_~15             ; out0             ;
; |johns|lpm_mux:Mux0|mux_umc:auto_generated|_~16             ; |johns|lpm_mux:Mux0|mux_umc:auto_generated|_~16             ; out0             ;
; |johns|lpm_mux:Mux0|mux_umc:auto_generated|_~17             ; |johns|lpm_mux:Mux0|mux_umc:auto_generated|_~17             ; out0             ;
; |johns|lpm_mux:Mux0|mux_umc:auto_generated|result_node[0]~1 ; |johns|lpm_mux:Mux0|mux_umc:auto_generated|result_node[0]~1 ; out0             ;
; |johns|lpm_mux:Mux0|mux_umc:auto_generated|result_node[0]   ; |johns|lpm_mux:Mux0|mux_umc:auto_generated|result_node[0]   ; out0             ;
+-------------------------------------------------------------+-------------------------------------------------------------+------------------+


The following table displays output ports that do not toggle to 0 during simulation.
+----------------------------------------------------------------------------------------------------------------------------------------------+
; Missing 0-Value Coverage                                                                                                                     ;
+-------------------------------------------------------------+-------------------------------------------------------------+------------------+
; Node Name                                                   ; Output Port Name                                            ; Output Port Type ;
+-------------------------------------------------------------+-------------------------------------------------------------+------------------+
; |johns|Qreg[0]                                              ; |johns|Qreg[0]                                              ; regout           ;
; |johns|Qreg[1]                                              ; |johns|Qreg[1]                                              ; regout           ;
; |johns|Qreg[2]                                              ; |johns|Qreg[2]                                              ; regout           ;
; |johns|Clrn                                                 ; |johns|Clrn                                                 ; out              ;
; |johns|Clk                                                  ; |johns|Clk                                                  ; out              ;
; |johns|W[0]                                                 ; |johns|W[0]                                                 ; pin_out          ;
; |johns|W[1]                                                 ; |johns|W[1]                                                 ; pin_out          ;
; |johns|W[2]                                                 ; |johns|W[2]                                                 ; pin_out          ;
; |johns|W[3]                                                 ; |johns|W[3]                                                 ; pin_out          ;
; |johns|Q[2]                                                 ; |johns|Q[2]                                                 ; pin_out          ;
; |johns|Q[1]                                                 ; |johns|Q[1]                                                 ; pin_out          ;
; |johns|Q[0]                                                 ; |johns|Q[0]                                                 ; pin_out          ;
; |johns|lpm_mux:Mux3|mux_3nc:auto_generated|_~0              ; |johns|lpm_mux:Mux3|mux_3nc:auto_generated|_~0              ; out0             ;
; |johns|lpm_mux:Mux3|mux_3nc:auto_generated|_~1              ; |johns|lpm_mux:Mux3|mux_3nc:auto_generated|_~1              ; out0             ;
; |johns|lpm_mux:Mux3|mux_3nc:auto_generated|_~2              ; |johns|lpm_mux:Mux3|mux_3nc:auto_generated|_~2              ; out0             ;
; |johns|lpm_mux:Mux3|mux_3nc:auto_generated|_~3              ; |johns|lpm_mux:Mux3|mux_3nc:auto_generated|_~3              ; out0             ;
; |johns|lpm_mux:Mux3|mux_3nc:auto_generated|_~4              ; |johns|lpm_mux:Mux3|mux_3nc:auto_generated|_~4              ; out0             ;
; |johns|lpm_mux:Mux3|mux_3nc:auto_generated|_~5              ; |johns|lpm_mux:Mux3|mux_3nc:auto_generated|_~5              ; out0             ;
; |johns|lpm_mux:Mux3|mux_3nc:auto_generated|_~6              ; |johns|lpm_mux:Mux3|mux_3nc:auto_generated|_~6              ; out0             ;
; |johns|lpm_mux:Mux3|mux_3nc:auto_generated|_~7              ; |johns|lpm_mux:Mux3|mux_3nc:auto_generated|_~7              ; out0             ;
; |johns|lpm_mux:Mux3|mux_3nc:auto_generated|_~8              ; |johns|lpm_mux:Mux3|mux_3nc:auto_generated|_~8              ; out0             ;
; |johns|lpm_mux:Mux3|mux_3nc:auto_generated|_~9              ; |johns|lpm_mux:Mux3|mux_3nc:auto_generated|_~9              ; out0             ;
; |johns|lpm_mux:Mux3|mux_3nc:auto_generated|_~10             ; |johns|lpm_mux:Mux3|mux_3nc:auto_generated|_~10             ; out0             ;
; |johns|lpm_mux:Mux3|mux_3nc:auto_generated|_~11             ; |johns|lpm_mux:Mux3|mux_3nc:auto_generated|_~11             ; out0             ;
; |johns|lpm_mux:Mux3|mux_3nc:auto_generated|_~12             ; |johns|lpm_mux:Mux3|mux_3nc:auto_generated|_~12             ; out0             ;
; |johns|lpm_mux:Mux3|mux_3nc:auto_generated|_~13             ; |johns|lpm_mux:Mux3|mux_3nc:auto_generated|_~13             ; out0             ;
; |johns|lpm_mux:Mux3|mux_3nc:auto_generated|_~14             ; |johns|lpm_mux:Mux3|mux_3nc:auto_generated|_~14             ; out0             ;
; |johns|lpm_mux:Mux3|mux_3nc:auto_generated|_~15             ; |johns|lpm_mux:Mux3|mux_3nc:auto_generated|_~15             ; out0             ;
; |johns|lpm_mux:Mux3|mux_3nc:auto_generated|_~16             ; |johns|lpm_mux:Mux3|mux_3nc:auto_generated|_~16             ; out0             ;
; |johns|lpm_mux:Mux3|mux_3nc:auto_generated|_~17             ; |johns|lpm_mux:Mux3|mux_3nc:auto_generated|_~17             ; out0             ;
; |johns|lpm_mux:Mux3|mux_3nc:auto_generated|_~18             ; |johns|lpm_mux:Mux3|mux_3nc:auto_generated|_~18             ; out0             ;
; |johns|lpm_mux:Mux3|mux_3nc:auto_generated|_~19             ; |johns|lpm_mux:Mux3|mux_3nc:auto_generated|_~19             ; out0             ;
; |johns|lpm_mux:Mux3|mux_3nc:auto_generated|_~20             ; |johns|lpm_mux:Mux3|mux_3nc:auto_generated|_~20             ; out0             ;
; |johns|lpm_mux:Mux3|mux_3nc:auto_generated|result_node[0]~0 ; |johns|lpm_mux:Mux3|mux_3nc:auto_generated|result_node[0]~0 ; out0             ;
; |johns|lpm_mux:Mux3|mux_3nc:auto_generated|_~21             ; |johns|lpm_mux:Mux3|mux_3nc:auto_generated|_~21             ; out0             ;
; |johns|lpm_mux:Mux3|mux_3nc:auto_generated|_~22             ; |johns|lpm_mux:Mux3|mux_3nc:auto_generated|_~22             ; out0             ;
; |johns|lpm_mux:Mux3|mux_3nc:auto_generated|_~23             ; |johns|lpm_mux:Mux3|mux_3nc:auto_generated|_~23             ; out0             ;
; |johns|lpm_mux:Mux3|mux_3nc:auto_generated|_~24             ; |johns|lpm_mux:Mux3|mux_3nc:auto_generated|_~24             ; out0             ;
; |johns|lpm_mux:Mux3|mux_3nc:auto_generated|_~25             ; |johns|lpm_mux:Mux3|mux_3nc:auto_generated|_~25             ; out0             ;
; |johns|lpm_mux:Mux3|mux_3nc:auto_generated|_~26             ; |johns|lpm_mux:Mux3|mux_3nc:auto_generated|_~26             ; out0             ;
; |johns|lpm_mux:Mux3|mux_3nc:auto_generated|_~27             ; |johns|lpm_mux:Mux3|mux_3nc:auto_generated|_~27             ; out0             ;
; |johns|lpm_mux:Mux3|mux_3nc:auto_generated|_~28             ; |johns|lpm_mux:Mux3|mux_3nc:auto_generated|_~28             ; out0             ;
; |johns|lpm_mux:Mux3|mux_3nc:auto_generated|_~29             ; |johns|lpm_mux:Mux3|mux_3nc:auto_generated|_~29             ; out0             ;
; |johns|lpm_mux:Mux3|mux_3nc:auto_generated|_~30             ; |johns|lpm_mux:Mux3|mux_3nc:auto_generated|_~30             ; out0             ;
; |johns|lpm_mux:Mux3|mux_3nc:auto_generated|_~31             ; |johns|lpm_mux:Mux3|mux_3nc:auto_generated|_~31             ; out0             ;
; |johns|lpm_mux:Mux3|mux_3nc:auto_generated|_~32             ; |johns|lpm_mux:Mux3|mux_3nc:auto_generated|_~32             ; out0             ;
; |johns|lpm_mux:Mux3|mux_3nc:auto_generated|_~33             ; |johns|lpm_mux:Mux3|mux_3nc:auto_generated|_~33             ; out0             ;
; |johns|lpm_mux:Mux3|mux_3nc:auto_generated|_~34             ; |johns|lpm_mux:Mux3|mux_3nc:auto_generated|_~34             ; out0             ;
; |johns|lpm_mux:Mux3|mux_3nc:auto_generated|_~35             ; |johns|lpm_mux:Mux3|mux_3nc:auto_generated|_~35             ; out0             ;
; |johns|lpm_mux:Mux3|mux_3nc:auto_generated|_~36             ; |johns|lpm_mux:Mux3|mux_3nc:auto_generated|_~36             ; out0             ;
; |johns|lpm_mux:Mux3|mux_3nc:auto_generated|_~37             ; |johns|lpm_mux:Mux3|mux_3nc:auto_generated|_~37             ; out0             ;
; |johns|lpm_mux:Mux3|mux_3nc:auto_generated|_~38             ; |johns|lpm_mux:Mux3|mux_3nc:auto_generated|_~38             ; out0             ;
; |johns|lpm_mux:Mux3|mux_3nc:auto_generated|_~39             ; |johns|lpm_mux:Mux3|mux_3nc:auto_generated|_~39             ; out0             ;
; |johns|lpm_mux:Mux3|mux_3nc:auto_generated|_~40             ; |johns|lpm_mux:Mux3|mux_3nc:auto_generated|_~40             ; out0             ;
; |johns|lpm_mux:Mux3|mux_3nc:auto_generated|_~41             ; |johns|lpm_mux:Mux3|mux_3nc:auto_generated|_~41             ; out0             ;
; |johns|lpm_mux:Mux3|mux_3nc:auto_generated|_~42             ; |johns|lpm_mux:Mux3|mux_3nc:auto_generated|_~42             ; out0             ;
; |johns|lpm_mux:Mux3|mux_3nc:auto_generated|result_node[0]~1 ; |johns|lpm_mux:Mux3|mux_3nc:auto_generated|result_node[0]~1 ; out0             ;
; |johns|lpm_mux:Mux3|mux_3nc:auto_generated|result_node[0]   ; |johns|lpm_mux:Mux3|mux_3nc:auto_generated|result_node[0]   ; out0             ;
; |johns|lpm_mux:Mux2|mux_3nc:auto_generated|_~0              ; |johns|lpm_mux:Mux2|mux_3nc:auto_generated|_~0              ; out0             ;
; |johns|lpm_mux:Mux2|mux_3nc:auto_generated|_~1              ; |johns|lpm_mux:Mux2|mux_3nc:auto_generated|_~1              ; out0             ;
; |johns|lpm_mux:Mux2|mux_3nc:auto_generated|_~2              ; |johns|lpm_mux:Mux2|mux_3nc:auto_generated|_~2              ; out0             ;
; |johns|lpm_mux:Mux2|mux_3nc:auto_generated|_~3              ; |johns|lpm_mux:Mux2|mux_3nc:auto_generated|_~3              ; out0             ;
; |johns|lpm_mux:Mux2|mux_3nc:auto_generated|_~4              ; |johns|lpm_mux:Mux2|mux_3nc:auto_generated|_~4              ; out0             ;
; |johns|lpm_mux:Mux2|mux_3nc:auto_generated|_~5              ; |johns|lpm_mux:Mux2|mux_3nc:auto_generated|_~5              ; out0             ;
; |johns|lpm_mux:Mux2|mux_3nc:auto_generated|_~6              ; |johns|lpm_mux:Mux2|mux_3nc:auto_generated|_~6              ; out0             ;
; |johns|lpm_mux:Mux2|mux_3nc:auto_generated|_~7              ; |johns|lpm_mux:Mux2|mux_3nc:auto_generated|_~7              ; out0             ;
; |johns|lpm_mux:Mux2|mux_3nc:auto_generated|_~8              ; |johns|lpm_mux:Mux2|mux_3nc:auto_generated|_~8              ; out0             ;
; |johns|lpm_mux:Mux2|mux_3nc:auto_generated|_~9              ; |johns|lpm_mux:Mux2|mux_3nc:auto_generated|_~9              ; out0             ;
; |johns|lpm_mux:Mux2|mux_3nc:auto_generated|_~10             ; |johns|lpm_mux:Mux2|mux_3nc:auto_generated|_~10             ; out0             ;
; |johns|lpm_mux:Mux2|mux_3nc:auto_generated|_~11             ; |johns|lpm_mux:Mux2|mux_3nc:auto_generated|_~11             ; out0             ;
; |johns|lpm_mux:Mux2|mux_3nc:auto_generated|_~12             ; |johns|lpm_mux:Mux2|mux_3nc:auto_generated|_~12             ; out0             ;
; |johns|lpm_mux:Mux2|mux_3nc:auto_generated|_~13             ; |johns|lpm_mux:Mux2|mux_3nc:auto_generated|_~13             ; out0             ;
; |johns|lpm_mux:Mux2|mux_3nc:auto_generated|_~14             ; |johns|lpm_mux:Mux2|mux_3nc:auto_generated|_~14             ; out0             ;
; |johns|lpm_mux:Mux2|mux_3nc:auto_generated|_~15             ; |johns|lpm_mux:Mux2|mux_3nc:auto_generated|_~15             ; out0             ;
; |johns|lpm_mux:Mux2|mux_3nc:auto_generated|_~16             ; |johns|lpm_mux:Mux2|mux_3nc:auto_generated|_~16             ; out0             ;
; |johns|lpm_mux:Mux2|mux_3nc:auto_generated|_~17             ; |johns|lpm_mux:Mux2|mux_3nc:auto_generated|_~17             ; out0             ;
; |johns|lpm_mux:Mux2|mux_3nc:auto_generated|_~18             ; |johns|lpm_mux:Mux2|mux_3nc:auto_generated|_~18             ; out0             ;
; |johns|lpm_mux:Mux2|mux_3nc:auto_generated|_~19             ; |johns|lpm_mux:Mux2|mux_3nc:auto_generated|_~19             ; out0             ;
; |johns|lpm_mux:Mux2|mux_3nc:auto_generated|_~20             ; |johns|lpm_mux:Mux2|mux_3nc:auto_generated|_~20             ; out0             ;
; |johns|lpm_mux:Mux2|mux_3nc:auto_generated|result_node[0]~0 ; |johns|lpm_mux:Mux2|mux_3nc:auto_generated|result_node[0]~0 ; out0             ;
; |johns|lpm_mux:Mux2|mux_3nc:auto_generated|_~21             ; |johns|lpm_mux:Mux2|mux_3nc:auto_generated|_~21             ; out0             ;
; |johns|lpm_mux:Mux2|mux_3nc:auto_generated|_~22             ; |johns|lpm_mux:Mux2|mux_3nc:auto_generated|_~22             ; out0             ;
; |johns|lpm_mux:Mux2|mux_3nc:auto_generated|_~23             ; |johns|lpm_mux:Mux2|mux_3nc:auto_generated|_~23             ; out0             ;
; |johns|lpm_mux:Mux2|mux_3nc:auto_generated|_~24             ; |johns|lpm_mux:Mux2|mux_3nc:auto_generated|_~24             ; out0             ;
; |johns|lpm_mux:Mux2|mux_3nc:auto_generated|_~25             ; |johns|lpm_mux:Mux2|mux_3nc:auto_generated|_~25             ; out0             ;
; |johns|lpm_mux:Mux2|mux_3nc:auto_generated|_~26             ; |johns|lpm_mux:Mux2|mux_3nc:auto_generated|_~26             ; out0             ;
; |johns|lpm_mux:Mux2|mux_3nc:auto_generated|_~27             ; |johns|lpm_mux:Mux2|mux_3nc:auto_generated|_~27             ; out0             ;
; |johns|lpm_mux:Mux2|mux_3nc:auto_generated|_~28             ; |johns|lpm_mux:Mux2|mux_3nc:auto_generated|_~28             ; out0             ;
; |johns|lpm_mux:Mux2|mux_3nc:auto_generated|_~29             ; |johns|lpm_mux:Mux2|mux_3nc:auto_generated|_~29             ; out0             ;
; |johns|lpm_mux:Mux2|mux_3nc:auto_generated|_~30             ; |johns|lpm_mux:Mux2|mux_3nc:auto_generated|_~30             ; out0             ;
; |johns|lpm_mux:Mux2|mux_3nc:auto_generated|_~31             ; |johns|lpm_mux:Mux2|mux_3nc:auto_generated|_~31             ; out0             ;
; |johns|lpm_mux:Mux2|mux_3nc:auto_generated|_~32             ; |johns|lpm_mux:Mux2|mux_3nc:auto_generated|_~32             ; out0             ;
; |johns|lpm_mux:Mux2|mux_3nc:auto_generated|_~33             ; |johns|lpm_mux:Mux2|mux_3nc:auto_generated|_~33             ; out0             ;
; |johns|lpm_mux:Mux2|mux_3nc:auto_generated|_~34             ; |johns|lpm_mux:Mux2|mux_3nc:auto_generated|_~34             ; out0             ;
; |johns|lpm_mux:Mux2|mux_3nc:auto_generated|_~35             ; |johns|lpm_mux:Mux2|mux_3nc:auto_generated|_~35             ; out0             ;
; |johns|lpm_mux:Mux2|mux_3nc:auto_generated|_~36             ; |johns|lpm_mux:Mux2|mux_3nc:auto_generated|_~36             ; out0             ;
; |johns|lpm_mux:Mux2|mux_3nc:auto_generated|_~37             ; |johns|lpm_mux:Mux2|mux_3nc:auto_generated|_~37             ; out0             ;
; |johns|lpm_mux:Mux2|mux_3nc:auto_generated|_~38             ; |johns|lpm_mux:Mux2|mux_3nc:auto_generated|_~38             ; out0             ;
; |johns|lpm_mux:Mux2|mux_3nc:auto_generated|_~39             ; |johns|lpm_mux:Mux2|mux_3nc:auto_generated|_~39             ; out0             ;
; |johns|lpm_mux:Mux2|mux_3nc:auto_generated|_~40             ; |johns|lpm_mux:Mux2|mux_3nc:auto_generated|_~40             ; out0             ;
; |johns|lpm_mux:Mux2|mux_3nc:auto_generated|_~41             ; |johns|lpm_mux:Mux2|mux_3nc:auto_generated|_~41             ; out0             ;
; |johns|lpm_mux:Mux2|mux_3nc:auto_generated|_~42             ; |johns|lpm_mux:Mux2|mux_3nc:auto_generated|_~42             ; out0             ;
; |johns|lpm_mux:Mux2|mux_3nc:auto_generated|result_node[0]~1 ; |johns|lpm_mux:Mux2|mux_3nc:auto_generated|result_node[0]~1 ; out0             ;
; |johns|lpm_mux:Mux2|mux_3nc:auto_generated|result_node[0]   ; |johns|lpm_mux:Mux2|mux_3nc:auto_generated|result_node[0]   ; out0             ;
; |johns|lpm_mux:Mux1|mux_3nc:auto_generated|_~0              ; |johns|lpm_mux:Mux1|mux_3nc:auto_generated|_~0              ; out0             ;
; |johns|lpm_mux:Mux1|mux_3nc:auto_generated|_~1              ; |johns|lpm_mux:Mux1|mux_3nc:auto_generated|_~1              ; out0             ;
; |johns|lpm_mux:Mux1|mux_3nc:auto_generated|_~2              ; |johns|lpm_mux:Mux1|mux_3nc:auto_generated|_~2              ; out0             ;
; |johns|lpm_mux:Mux1|mux_3nc:auto_generated|_~3              ; |johns|lpm_mux:Mux1|mux_3nc:auto_generated|_~3              ; out0             ;
; |johns|lpm_mux:Mux1|mux_3nc:auto_generated|_~4              ; |johns|lpm_mux:Mux1|mux_3nc:auto_generated|_~4              ; out0             ;
; |johns|lpm_mux:Mux1|mux_3nc:auto_generated|_~5              ; |johns|lpm_mux:Mux1|mux_3nc:auto_generated|_~5              ; out0             ;
; |johns|lpm_mux:Mux1|mux_3nc:auto_generated|_~6              ; |johns|lpm_mux:Mux1|mux_3nc:auto_generated|_~6              ; out0             ;
; |johns|lpm_mux:Mux1|mux_3nc:auto_generated|_~7              ; |johns|lpm_mux:Mux1|mux_3nc:auto_generated|_~7              ; out0             ;
; |johns|lpm_mux:Mux1|mux_3nc:auto_generated|_~8              ; |johns|lpm_mux:Mux1|mux_3nc:auto_generated|_~8              ; out0             ;
; |johns|lpm_mux:Mux1|mux_3nc:auto_generated|_~9              ; |johns|lpm_mux:Mux1|mux_3nc:auto_generated|_~9              ; out0             ;
; |johns|lpm_mux:Mux1|mux_3nc:auto_generated|_~10             ; |johns|lpm_mux:Mux1|mux_3nc:auto_generated|_~10             ; out0             ;
; |johns|lpm_mux:Mux1|mux_3nc:auto_generated|_~11             ; |johns|lpm_mux:Mux1|mux_3nc:auto_generated|_~11             ; out0             ;
; |johns|lpm_mux:Mux1|mux_3nc:auto_generated|_~12             ; |johns|lpm_mux:Mux1|mux_3nc:auto_generated|_~12             ; out0             ;
; |johns|lpm_mux:Mux1|mux_3nc:auto_generated|_~13             ; |johns|lpm_mux:Mux1|mux_3nc:auto_generated|_~13             ; out0             ;
; |johns|lpm_mux:Mux1|mux_3nc:auto_generated|_~14             ; |johns|lpm_mux:Mux1|mux_3nc:auto_generated|_~14             ; out0             ;
; |johns|lpm_mux:Mux1|mux_3nc:auto_generated|_~15             ; |johns|lpm_mux:Mux1|mux_3nc:auto_generated|_~15             ; out0             ;
; |johns|lpm_mux:Mux1|mux_3nc:auto_generated|_~16             ; |johns|lpm_mux:Mux1|mux_3nc:auto_generated|_~16             ; out0             ;
; |johns|lpm_mux:Mux1|mux_3nc:auto_generated|_~17             ; |johns|lpm_mux:Mux1|mux_3nc:auto_generated|_~17             ; out0             ;
; |johns|lpm_mux:Mux1|mux_3nc:auto_generated|_~18             ; |johns|lpm_mux:Mux1|mux_3nc:auto_generated|_~18             ; out0             ;
; |johns|lpm_mux:Mux1|mux_3nc:auto_generated|_~19             ; |johns|lpm_mux:Mux1|mux_3nc:auto_generated|_~19             ; out0             ;
; |johns|lpm_mux:Mux1|mux_3nc:auto_generated|_~20             ; |johns|lpm_mux:Mux1|mux_3nc:auto_generated|_~20             ; out0             ;
; |johns|lpm_mux:Mux1|mux_3nc:auto_generated|result_node[0]~0 ; |johns|lpm_mux:Mux1|mux_3nc:auto_generated|result_node[0]~0 ; out0             ;
; |johns|lpm_mux:Mux1|mux_3nc:auto_generated|_~21             ; |johns|lpm_mux:Mux1|mux_3nc:auto_generated|_~21             ; out0             ;
; |johns|lpm_mux:Mux1|mux_3nc:auto_generated|_~22             ; |johns|lpm_mux:Mux1|mux_3nc:auto_generated|_~22             ; out0             ;
; |johns|lpm_mux:Mux1|mux_3nc:auto_generated|_~23             ; |johns|lpm_mux:Mux1|mux_3nc:auto_generated|_~23             ; out0             ;
; |johns|lpm_mux:Mux1|mux_3nc:auto_generated|_~24             ; |johns|lpm_mux:Mux1|mux_3nc:auto_generated|_~24             ; out0             ;
; |johns|lpm_mux:Mux1|mux_3nc:auto_generated|_~25             ; |johns|lpm_mux:Mux1|mux_3nc:auto_generated|_~25             ; out0             ;
; |johns|lpm_mux:Mux1|mux_3nc:auto_generated|_~26             ; |johns|lpm_mux:Mux1|mux_3nc:auto_generated|_~26             ; out0             ;
; |johns|lpm_mux:Mux1|mux_3nc:auto_generated|_~27             ; |johns|lpm_mux:Mux1|mux_3nc:auto_generated|_~27             ; out0             ;
; |johns|lpm_mux:Mux1|mux_3nc:auto_generated|_~28             ; |johns|lpm_mux:Mux1|mux_3nc:auto_generated|_~28             ; out0             ;
; |johns|lpm_mux:Mux1|mux_3nc:auto_generated|_~29             ; |johns|lpm_mux:Mux1|mux_3nc:auto_generated|_~29             ; out0             ;
; |johns|lpm_mux:Mux1|mux_3nc:auto_generated|_~30             ; |johns|lpm_mux:Mux1|mux_3nc:auto_generated|_~30             ; out0             ;
; |johns|lpm_mux:Mux1|mux_3nc:auto_generated|_~31             ; |johns|lpm_mux:Mux1|mux_3nc:auto_generated|_~31             ; out0             ;
; |johns|lpm_mux:Mux1|mux_3nc:auto_generated|_~32             ; |johns|lpm_mux:Mux1|mux_3nc:auto_generated|_~32             ; out0             ;
; |johns|lpm_mux:Mux1|mux_3nc:auto_generated|_~33             ; |johns|lpm_mux:Mux1|mux_3nc:auto_generated|_~33             ; out0             ;
; |johns|lpm_mux:Mux1|mux_3nc:auto_generated|_~34             ; |johns|lpm_mux:Mux1|mux_3nc:auto_generated|_~34             ; out0             ;
; |johns|lpm_mux:Mux1|mux_3nc:auto_generated|_~35             ; |johns|lpm_mux:Mux1|mux_3nc:auto_generated|_~35             ; out0             ;
; |johns|lpm_mux:Mux1|mux_3nc:auto_generated|_~36             ; |johns|lpm_mux:Mux1|mux_3nc:auto_generated|_~36             ; out0             ;
; |johns|lpm_mux:Mux1|mux_3nc:auto_generated|_~37             ; |johns|lpm_mux:Mux1|mux_3nc:auto_generated|_~37             ; out0             ;
; |johns|lpm_mux:Mux1|mux_3nc:auto_generated|_~38             ; |johns|lpm_mux:Mux1|mux_3nc:auto_generated|_~38             ; out0             ;
; |johns|lpm_mux:Mux1|mux_3nc:auto_generated|_~39             ; |johns|lpm_mux:Mux1|mux_3nc:auto_generated|_~39             ; out0             ;
; |johns|lpm_mux:Mux1|mux_3nc:auto_generated|_~40             ; |johns|lpm_mux:Mux1|mux_3nc:auto_generated|_~40             ; out0             ;
; |johns|lpm_mux:Mux1|mux_3nc:auto_generated|_~41             ; |johns|lpm_mux:Mux1|mux_3nc:auto_generated|_~41             ; out0             ;
; |johns|lpm_mux:Mux1|mux_3nc:auto_generated|_~42             ; |johns|lpm_mux:Mux1|mux_3nc:auto_generated|_~42             ; out0             ;
; |johns|lpm_mux:Mux1|mux_3nc:auto_generated|result_node[0]~1 ; |johns|lpm_mux:Mux1|mux_3nc:auto_generated|result_node[0]~1 ; out0             ;
; |johns|lpm_mux:Mux1|mux_3nc:auto_generated|result_node[0]   ; |johns|lpm_mux:Mux1|mux_3nc:auto_generated|result_node[0]   ; out0             ;
; |johns|lpm_mux:Mux0|mux_umc:auto_generated|_~0              ; |johns|lpm_mux:Mux0|mux_umc:auto_generated|_~0              ; out0             ;
; |johns|lpm_mux:Mux0|mux_umc:auto_generated|_~1              ; |johns|lpm_mux:Mux0|mux_umc:auto_generated|_~1              ; out0             ;
; |johns|lpm_mux:Mux0|mux_umc:auto_generated|_~2              ; |johns|lpm_mux:Mux0|mux_umc:auto_generated|_~2              ; out0             ;
; |johns|lpm_mux:Mux0|mux_umc:auto_generated|_~3              ; |johns|lpm_mux:Mux0|mux_umc:auto_generated|_~3              ; out0             ;
; |johns|lpm_mux:Mux0|mux_umc:auto_generated|_~4              ; |johns|lpm_mux:Mux0|mux_umc:auto_generated|_~4              ; out0             ;
; |johns|lpm_mux:Mux0|mux_umc:auto_generated|_~5              ; |johns|lpm_mux:Mux0|mux_umc:auto_generated|_~5              ; out0             ;
; |johns|lpm_mux:Mux0|mux_umc:auto_generated|_~6              ; |johns|lpm_mux:Mux0|mux_umc:auto_generated|_~6              ; out0             ;
; |johns|lpm_mux:Mux0|mux_umc:auto_generated|_~7              ; |johns|lpm_mux:Mux0|mux_umc:auto_generated|_~7              ; out0             ;
; |johns|lpm_mux:Mux0|mux_umc:auto_generated|_~8              ; |johns|lpm_mux:Mux0|mux_umc:auto_generated|_~8              ; out0             ;
; |johns|lpm_mux:Mux0|mux_umc:auto_generated|result_node[0]~0 ; |johns|lpm_mux:Mux0|mux_umc:auto_generated|result_node[0]~0 ; out0             ;
; |johns|lpm_mux:Mux0|mux_umc:auto_generated|_~9              ; |johns|lpm_mux:Mux0|mux_umc:auto_generated|_~9              ; out0             ;
; |johns|lpm_mux:Mux0|mux_umc:auto_generated|_~10             ; |johns|lpm_mux:Mux0|mux_umc:auto_generated|_~10             ; out0             ;
; |johns|lpm_mux:Mux0|mux_umc:auto_generated|_~11             ; |johns|lpm_mux:Mux0|mux_umc:auto_generated|_~11             ; out0             ;
; |johns|lpm_mux:Mux0|mux_umc:auto_generated|_~12             ; |johns|lpm_mux:Mux0|mux_umc:auto_generated|_~12             ; out0             ;
; |johns|lpm_mux:Mux0|mux_umc:auto_generated|_~13             ; |johns|lpm_mux:Mux0|mux_umc:auto_generated|_~13             ; out0             ;
; |johns|lpm_mux:Mux0|mux_umc:auto_generated|_~14             ; |johns|lpm_mux:Mux0|mux_umc:auto_generated|_~14             ; out0             ;
; |johns|lpm_mux:Mux0|mux_umc:auto_generated|_~15             ; |johns|lpm_mux:Mux0|mux_umc:auto_generated|_~15             ; out0             ;
; |johns|lpm_mux:Mux0|mux_umc:auto_generated|_~16             ; |johns|lpm_mux:Mux0|mux_umc:auto_generated|_~16             ; out0             ;
; |johns|lpm_mux:Mux0|mux_umc:auto_generated|_~17             ; |johns|lpm_mux:Mux0|mux_umc:auto_generated|_~17             ; out0             ;
; |johns|lpm_mux:Mux0|mux_umc:auto_generated|result_node[0]~1 ; |johns|lpm_mux:Mux0|mux_umc:auto_generated|result_node[0]~1 ; out0             ;
; |johns|lpm_mux:Mux0|mux_umc:auto_generated|result_node[0]   ; |johns|lpm_mux:Mux0|mux_umc:auto_generated|result_node[0]   ; out0             ;
+-------------------------------------------------------------+-------------------------------------------------------------+------------------+


+---------------------+
; Simulator INI Usage ;
+--------+------------+
; Option ; Usage      ;
+--------+------------+


+--------------------+
; Simulator Messages ;
+--------------------+
Info: *******************************************************************
Info: Running Quartus II 32-bit Simulator
    Info: Version 13.0.1 Build 232 06/12/2013 Service Pack 1 SJ Full Version
    Info: Processing started: Thu Oct 24 13:08:48 2024
Info: Command: quartus_sim --simulation_results_format=VWF johns -c johns
Info (324025): Using vector source file "/home/student1/wmazarik/Downloads/L4.1/Waveform.vwf"
Info (310003): Option to preserve fewer signal transitions to reduce memory requirements is enabled
    Info (310004): Simulation has been partitioned into sub-simulations according to the maximum transition count determined by the engine. Transitions from memory will be flushed out to disk at the end of each sub-simulation to reduce memory requirements.
Info (310002): Simulation partitioned into 1 sub-simulations
Info (328053): Simulation coverage is       0.00 %
Info (328052): Number of transitions in simulation is 0
Info (324045): Vector file johns.sim.vwf is saved in VWF text format. You can compress it into CVWF format in order to reduce file size. For more details please refer to the Quartus II Help.
Info: Quartus II 32-bit Simulator was successful. 0 errors, 0 warnings
    Info: Peak virtual memory: 273 megabytes
    Info: Processing ended: Thu Oct 24 13:08:48 2024
    Info: Elapsed time: 00:00:00
    Info: Total CPU time (on all processors): 00:00:00


